[19:00:00] Program initialization: 
[00:36:00] Processing URL: example.com
	Depth: 0
[18:38:56] HTML content retrieved: example.com
	Depth: 0
[13:14:08] Finished processing URL: example.com
	Depth: 0
[00:36:00] Processing URL: https://www.iana.org/domains/example
	Depth: 1
[00:20:00] HTML content retrieved: https://www.iana.org/domains/example
	Depth: 1
[13:14:08] Finished processing URL: https://www.iana.org/domains/example
	Depth: 1
[00:36:00] Processing URL: http://www.iana.org/help/example-domains
	Depth: 2
[00:20:00] HTML content retrieved: http://www.iana.org/help/example-domains
	Depth: 2
[13:14:08] Finished processing URL: http://www.iana.org/help/example-domains
	Depth: 2
[00:36:00] Processing URL: http://pti.icann.org
	Depth: 3
[13:14:08] Finished processing URL: http://pti.icann.org
	Depth: 3
[00:36:00] Processing URL: http://www.icann.org/
	Depth: 4
[13:14:08] Finished processing URL: http://www.icann.org/
	Depth: 4
[00:36:00] Processing URL: https://www.icann.org/privacy/policy
	Depth: 5
[11:11:28] HTML content retrieved: https://www.icann.org/privacy/policy
	Depth: 5
[13:14:08] Finished processing URL: https://www.icann.org/privacy/policy
	Depth: 5
[00:36:00] Processing URL: https://www.icann.org/privacy/tos
	Depth: 6
[12:26:56] HTML content retrieved: https://www.icann.org/privacy/tos
	Depth: 6
[13:14:08] Finished processing URL: https://www.icann.org/privacy/tos
	Depth: 6
[00:36:00] Processing URL: https://account.icann.org/authorize?redirect_uri=https://www.icann.org/oauth&client_id=0oa9o9k9rp8VUcyJL2p7&nonce=6f5398ba-8a62-4370-99a8-e00d981b692d&state=https://www.icann.org/
	Depth: 7
[13:14:08] Finished processing URL: https://account.icann.org/authorize?redirect_uri=https://www.icann.org/oauth&client_id=0oa9o9k9rp8VUcyJL2p7&nonce=6f5398ba-8a62-4370-99a8-e00d981b692d&state=https://www.icann.org/
	Depth: 7
[00:36:00] Processing URL: https://account.icann.org/registeraccount?redirect_uri=https://www.icann.org/oauth&client_id=0oa9o9k9rp8VUcyJL2p7&nonce=6f5398ba-8a62-4370-99a8-e00d981b692d&state=https://www.icann.org/
	Depth: 8
[09:56:48] HTML content retrieved: https://account.icann.org/registeraccount?redirect_uri=https://www.icann.org/oauth&client_id=0oa9o9k9rp8VUcyJL2p7&nonce=6f5398ba-8a62-4370-99a8-e00d981b692d&state=https://www.icann.org/
	Depth: 8
[13:14:08] Finished processing URL: https://account.icann.org/registeraccount?redirect_uri=https://www.icann.org/oauth&client_id=0oa9o9k9rp8VUcyJL2p7&nonce=6f5398ba-8a62-4370-99a8-e00d981b692d&state=https://www.icann.org/
	Depth: 8
[21:57:07] Program Terminated: 
